<?xml version="1.0" encoding="UTF-8"?>
<coverage generated="1650967170368" clover="3.2.0">
  <project timestamp="1650967170368" name="All files">
    <metrics statements="99" coveredstatements="99" conditionals="59" coveredconditionals="58" methods="14" coveredmethods="14" elements="172" coveredelements="171" complexity="0" loc="99" ncloc="99" packages="1" files="1" classes="1"/>
    <file name="Fractions.js" path="/Users/andytphung21/Documents/Coding Assignment/oneLoginCodingChallenge/Fractions.js">
      <metrics statements="99" coveredstatements="99" conditionals="59" coveredconditionals="58" methods="14" coveredmethods="14"/>
      <line num="19" count="13" type="cond" truecount="2" falsecount="0"/>
      <line num="22" count="36" type="stmt"/>
      <line num="24" count="35" type="cond" truecount="2" falsecount="0"/>
      <line num="30" count="11" type="stmt"/>
      <line num="32" count="24" type="stmt"/>
      <line num="38" count="13" type="cond" truecount="2" falsecount="0"/>
      <line num="39" count="2" type="stmt"/>
      <line num="42" count="11" type="stmt"/>
      <line num="43" count="11" type="stmt"/>
      <line num="45" count="11" type="cond" truecount="7" falsecount="0"/>
      <line num="54" count="11" type="cond" truecount="2" falsecount="0"/>
      <line num="55" count="4" type="stmt"/>
      <line num="57" count="11" type="cond" truecount="2" falsecount="0"/>
      <line num="58" count="2" type="stmt"/>
      <line num="60" count="11" type="cond" truecount="2" falsecount="0"/>
      <line num="61" count="2" type="stmt"/>
      <line num="63" count="11" type="cond" truecount="2" falsecount="0"/>
      <line num="64" count="2" type="stmt"/>
      <line num="66" count="11" type="cond" truecount="2" falsecount="0"/>
      <line num="67" count="10" type="stmt"/>
      <line num="68" count="10" type="stmt"/>
      <line num="69" count="10" type="stmt"/>
      <line num="70" count="1" type="stmt"/>
      <line num="75" count="43" type="stmt"/>
      <line num="76" count="43" type="stmt"/>
      <line num="77" count="43" type="stmt"/>
      <line num="79" count="43" type="stmt"/>
      <line num="80" count="43" type="stmt"/>
      <line num="81" count="43" type="stmt"/>
      <line num="83" count="43" type="stmt"/>
      <line num="84" count="43" type="stmt"/>
      <line num="86" count="43" type="stmt"/>
      <line num="90" count="5" type="stmt"/>
      <line num="91" count="5" type="stmt"/>
      <line num="95" count="15" type="stmt"/>
      <line num="96" count="15" type="stmt"/>
      <line num="98" count="15" type="stmt"/>
      <line num="99" count="15" type="stmt"/>
      <line num="101" count="15" type="stmt"/>
      <line num="102" count="15" type="stmt"/>
      <line num="105" count="15" type="stmt"/>
      <line num="107" count="15" type="stmt"/>
      <line num="111" count="8" type="cond" truecount="2" falsecount="0"/>
      <line num="112" count="1" type="stmt"/>
      <line num="113" count="1" type="stmt"/>
      <line num="115" count="7" type="stmt"/>
      <line num="116" count="7" type="stmt"/>
      <line num="121" count="222" type="stmt"/>
      <line num="122" count="455" type="stmt"/>
      <line num="123" count="222" type="stmt"/>
      <line num="128" count="7" type="stmt"/>
      <line num="129" count="7" type="cond" truecount="2" falsecount="0"/>
      <line num="130" count="2" type="stmt"/>
      <line num="133" count="2" type="stmt"/>
      <line num="135" count="5" type="stmt"/>
      <line num="136" count="5" type="stmt"/>
      <line num="140" count="30" type="cond" truecount="2" falsecount="0"/>
      <line num="141" count="12" type="stmt"/>
      <line num="142" count="12" type="cond" truecount="2" falsecount="0"/>
      <line num="143" count="5" type="stmt"/>
      <line num="147" count="7" type="stmt"/>
      <line num="151" count="18" type="cond" truecount="2" falsecount="0"/>
      <line num="152" count="13" type="stmt"/>
      <line num="154" count="5" type="stmt"/>
      <line num="158" count="65" type="cond" truecount="2" falsecount="0"/>
      <line num="159" count="22" type="stmt"/>
      <line num="161" count="43" type="stmt"/>
      <line num="165" count="18" type="stmt"/>
      <line num="166" count="18" type="stmt"/>
      <line num="167" count="18" type="stmt"/>
      <line num="169" count="18" type="stmt"/>
      <line num="171" count="18" type="stmt"/>
      <line num="172" count="18" type="stmt"/>
      <line num="174" count="18" type="cond" truecount="2" falsecount="0"/>
      <line num="175" count="1" type="stmt"/>
      <line num="177" count="17" type="cond" truecount="2" falsecount="0"/>
      <line num="178" count="4" type="stmt"/>
      <line num="180" count="13" type="cond" truecount="2" falsecount="0"/>
      <line num="181" count="5" type="stmt"/>
      <line num="183" count="8" type="stmt"/>
      <line num="187" count="16" type="stmt"/>
      <line num="188" count="16" type="stmt"/>
      <line num="189" count="16" type="stmt"/>
      <line num="191" count="16" type="cond" truecount="2" falsecount="0"/>
      <line num="192" count="1" type="stmt"/>
      <line num="194" count="15" type="cond" truecount="4" falsecount="0"/>
      <line num="195" count="6" type="stmt"/>
      <line num="196" count="6" type="stmt"/>
      <line num="197" count="6" type="stmt"/>
      <line num="198" count="6" type="stmt"/>
      <line num="200" count="9" type="cond" truecount="4" falsecount="0"/>
      <line num="201" count="2" type="stmt"/>
      <line num="203" count="7" type="cond" truecount="1" falsecount="1"/>
      <line num="204" count="7" type="stmt"/>
      <line num="205" count="7" type="stmt"/>
      <line num="206" count="7" type="cond" truecount="2" falsecount="0"/>
      <line num="207" count="1" type="stmt"/>
      <line num="209" count="6" type="stmt"/>
      <line num="213" count="1" type="stmt"/>
    </file>
  </project>
</coverage>
