{"/Users/andytphung21/Documents/Coding Assignment/oneLoginCodingChallenge/Fractions.js": {"path":"/Users/andytphung21/Documents/Coding Assignment/oneLoginCodingChallenge/Fractions.js","statementMap":{"0":{"start":{"line":19,"column":4},"end":{"line":36,"column":9}},"1":{"start":{"line":22,"column":30},"end":{"line":22,"column":43}},"2":{"start":{"line":24,"column":12},"end":{"line":31,"column":13}},"3":{"start":{"line":30,"column":14},"end":{"line":30,"column":29}},"4":{"start":{"line":32,"column":12},"end":{"line":32,"column":54}},"5":{"start":{"line":38,"column":2},"end":{"line":40,"column":3}},"6":{"start":{"line":39,"column":4},"end":{"line":39,"column":76}},"7":{"start":{"line":42,"column":18},"end":{"line":42,"column":26}},"8":{"start":{"line":43,"column":18},"end":{"line":43,"column":26}},"9":{"start":{"line":45,"column":4},"end":{"line":51,"column":38}},"10":{"start":{"line":54,"column":2},"end":{"line":56,"column":3}},"11":{"start":{"line":55,"column":4},"end":{"line":55,"column":53}},"12":{"start":{"line":57,"column":2},"end":{"line":59,"column":3}},"13":{"start":{"line":58,"column":4},"end":{"line":58,"column":51}},"14":{"start":{"line":60,"column":2},"end":{"line":62,"column":3}},"15":{"start":{"line":61,"column":4},"end":{"line":61,"column":48}},"16":{"start":{"line":63,"column":2},"end":{"line":65,"column":3}},"17":{"start":{"line":64,"column":4},"end":{"line":64,"column":53}},"18":{"start":{"line":66,"column":2},"end":{"line":70,"column":46}},"19":{"start":{"line":67,"column":27},"end":{"line":67,"column":51}},"20":{"start":{"line":68,"column":28},"end":{"line":68,"column":66}},"21":{"start":{"line":69,"column":4},"end":{"line":69,"column":29}},"22":{"start":{"line":70,"column":9},"end":{"line":70,"column":46}},"23":{"start":{"line":75,"column":26},"end":{"line":75,"column":50}},"24":{"start":{"line":76,"column":19},"end":{"line":76,"column":37}},"25":{"start":{"line":77,"column":21},"end":{"line":77,"column":39}},"26":{"start":{"line":79,"column":26},"end":{"line":79,"column":50}},"27":{"start":{"line":80,"column":19},"end":{"line":80,"column":37}},"28":{"start":{"line":81,"column":21},"end":{"line":81,"column":39}},"29":{"start":{"line":83,"column":26},"end":{"line":83,"column":49}},"30":{"start":{"line":84,"column":28},"end":{"line":84,"column":55}},"31":{"start":{"line":86,"column":2},"end":{"line":86,"column":55}},"32":{"start":{"line":90,"column":27},"end":{"line":90,"column":60}},"33":{"start":{"line":91,"column":2},"end":{"line":91,"column":58}},"34":{"start":{"line":95,"column":24},"end":{"line":95,"column":48}},"35":{"start":{"line":96,"column":24},"end":{"line":96,"column":48}},"36":{"start":{"line":98,"column":29},"end":{"line":98,"column":74}},"37":{"start":{"line":99,"column":29},"end":{"line":99,"column":74}},"38":{"start":{"line":101,"column":27},"end":{"line":101,"column":77}},"39":{"start":{"line":102,"column":27},"end":{"line":102,"column":77}},"40":{"start":{"line":105,"column":4},"end":{"line":105,"column":79}},"41":{"start":{"line":107,"column":2},"end":{"line":107,"column":69}},"42":{"start":{"line":111,"column":2},"end":{"line":114,"column":3}},"43":{"start":{"line":112,"column":27},"end":{"line":112,"column":45}},"44":{"start":{"line":113,"column":4},"end":{"line":113,"column":53}},"45":{"start":{"line":115,"column":25},"end":{"line":115,"column":40}},"46":{"start":{"line":116,"column":2},"end":{"line":116,"column":51}},"47":{"start":{"line":121,"column":14},"end":{"line":121,"column":37}},"48":{"start":{"line":122,"column":21},"end":{"line":122,"column":60}},"49":{"start":{"line":122,"column":43},"end":{"line":122,"column":59}},"50":{"start":{"line":123,"column":2},"end":{"line":123,"column":22}},"51":{"start":{"line":128,"column":23},"end":{"line":128,"column":46}},"52":{"start":{"line":129,"column":2},"end":{"line":134,"column":3}},"53":{"start":{"line":130,"column":37},"end":{"line":132,"column":6}},"54":{"start":{"line":133,"column":4},"end":{"line":133,"column":38}},"55":{"start":{"line":135,"column":27},"end":{"line":135,"column":70}},"56":{"start":{"line":136,"column":2},"end":{"line":136,"column":28}},"57":{"start":{"line":140,"column":2},"end":{"line":150,"column":3}},"58":{"start":{"line":141,"column":24},"end":{"line":141,"column":47}},"59":{"start":{"line":142,"column":4},"end":{"line":146,"column":5}},"60":{"start":{"line":143,"column":6},"end":{"line":145,"column":29}},"61":{"start":{"line":147,"column":4},"end":{"line":149,"column":7}},"62":{"start":{"line":151,"column":2},"end":{"line":153,"column":3}},"63":{"start":{"line":152,"column":4},"end":{"line":152,"column":20}},"64":{"start":{"line":154,"column":2},"end":{"line":154,"column":25}},"65":{"start":{"line":158,"column":2},"end":{"line":160,"column":3}},"66":{"start":{"line":159,"column":4},"end":{"line":159,"column":21}},"67":{"start":{"line":161,"column":2},"end":{"line":161,"column":55}},"68":{"start":{"line":165,"column":23},"end":{"line":165,"column":46}},"69":{"start":{"line":166,"column":18},"end":{"line":166,"column":35}},"70":{"start":{"line":167,"column":20},"end":{"line":167,"column":37}},"71":{"start":{"line":169,"column":12},"end":{"line":169,"column":43}},"72":{"start":{"line":171,"column":2},"end":{"line":171,"column":30}},"73":{"start":{"line":172,"column":2},"end":{"line":172,"column":34}},"74":{"start":{"line":174,"column":2},"end":{"line":176,"column":3}},"75":{"start":{"line":175,"column":4},"end":{"line":175,"column":15}},"76":{"start":{"line":177,"column":2},"end":{"line":179,"column":3}},"77":{"start":{"line":178,"column":4},"end":{"line":178,"column":26}},"78":{"start":{"line":180,"column":2},"end":{"line":182,"column":3}},"79":{"start":{"line":181,"column":4},"end":{"line":181,"column":47}},"80":{"start":{"line":183,"column":2},"end":{"line":183,"column":39}},"81":{"start":{"line":187,"column":23},"end":{"line":187,"column":56}},"82":{"start":{"line":188,"column":18},"end":{"line":188,"column":35}},"83":{"start":{"line":189,"column":20},"end":{"line":189,"column":37}},"84":{"start":{"line":191,"column":2},"end":{"line":193,"column":3}},"85":{"start":{"line":192,"column":4},"end":{"line":192,"column":26}},"86":{"start":{"line":194,"column":2},"end":{"line":199,"column":3}},"87":{"start":{"line":195,"column":28},"end":{"line":195,"column":47}},"88":{"start":{"line":196,"column":18},"end":{"line":196,"column":61}},"89":{"start":{"line":197,"column":23},"end":{"line":197,"column":64}},"90":{"start":{"line":198,"column":4},"end":{"line":198,"column":56}},"91":{"start":{"line":200,"column":2},"end":{"line":202,"column":3}},"92":{"start":{"line":201,"column":4},"end":{"line":201,"column":41}},"93":{"start":{"line":203,"column":2},"end":{"line":210,"column":3}},"94":{"start":{"line":204,"column":18},"end":{"line":204,"column":53}},"95":{"start":{"line":205,"column":23},"end":{"line":205,"column":56}},"96":{"start":{"line":206,"column":4},"end":{"line":208,"column":5}},"97":{"start":{"line":207,"column":6},"end":{"line":207,"column":26}},"98":{"start":{"line":209,"column":4},"end":{"line":209,"column":55}},"99":{"start":{"line":213,"column":0},"end":{"line":225,"column":2}}},"fnMap":{"0":{"name":"fractionCalculator","decl":{"start":{"line":16,"column":9},"end":{"line":16,"column":27}},"loc":{"start":{"line":16,"column":38},"end":{"line":71,"column":1}},"line":16},"1":{"name":"(anonymous_1)","decl":{"start":{"line":22,"column":18},"end":{"line":22,"column":19}},"loc":{"start":{"line":22,"column":30},"end":{"line":22,"column":43}},"line":22},"2":{"name":"(anonymous_2)","decl":{"start":{"line":23,"column":15},"end":{"line":23,"column":16}},"loc":{"start":{"line":23,"column":28},"end":{"line":33,"column":11}},"line":23},"3":{"name":"multiplyFractions","decl":{"start":{"line":73,"column":9},"end":{"line":73,"column":26}},"loc":{"start":{"line":73,"column":49},"end":{"line":87,"column":1}},"line":73},"4":{"name":"divideFractions","decl":{"start":{"line":89,"column":9},"end":{"line":89,"column":24}},"loc":{"start":{"line":89,"column":47},"end":{"line":92,"column":1}},"line":89},"5":{"name":"addFractions","decl":{"start":{"line":94,"column":9},"end":{"line":94,"column":21}},"loc":{"start":{"line":94,"column":44},"end":{"line":108,"column":1}},"line":94},"6":{"name":"subtractFractions","decl":{"start":{"line":110,"column":9},"end":{"line":110,"column":26}},"loc":{"start":{"line":110,"column":49},"end":{"line":117,"column":1}},"line":110},"7":{"name":"parseFraction","decl":{"start":{"line":119,"column":9},"end":{"line":119,"column":22}},"loc":{"start":{"line":119,"column":33},"end":{"line":124,"column":1}},"line":119},"8":{"name":"(anonymous_8)","decl":{"start":{"line":122,"column":31},"end":{"line":122,"column":32}},"loc":{"start":{"line":122,"column":43},"end":{"line":122,"column":59}},"line":122},"9":{"name":"getReciprocalFractions","decl":{"start":{"line":126,"column":9},"end":{"line":126,"column":31}},"loc":{"start":{"line":126,"column":42},"end":{"line":137,"column":1}},"line":126},"10":{"name":"convertToImproperFraction","decl":{"start":{"line":139,"column":9},"end":{"line":139,"column":34}},"loc":{"start":{"line":139,"column":45},"end":{"line":155,"column":1}},"line":139},"11":{"name":"findGcd","decl":{"start":{"line":157,"column":9},"end":{"line":157,"column":16}},"loc":{"start":{"line":157,"column":41},"end":{"line":162,"column":1}},"line":157},"12":{"name":"simplifyFraction","decl":{"start":{"line":164,"column":9},"end":{"line":164,"column":25}},"loc":{"start":{"line":164,"column":36},"end":{"line":184,"column":1}},"line":164},"13":{"name":"convertToMixedNumber","decl":{"start":{"line":186,"column":9},"end":{"line":186,"column":29}},"loc":{"start":{"line":186,"column":50},"end":{"line":211,"column":1}},"line":186}},"branchMap":{"0":{"loc":{"start":{"line":19,"column":4},"end":{"line":36,"column":9}},"type":"cond-expr","locations":[{"start":{"line":20,"column":8},"end":{"line":33,"column":12}},{"start":{"line":34,"column":8},"end":{"line":36,"column":9}}],"line":19},"1":{"loc":{"start":{"line":24,"column":12},"end":{"line":31,"column":13}},"type":"if","locations":[{"start":{"line":24,"column":12},"end":{"line":31,"column":13}},{"start":{},"end":{}}],"line":24},"2":{"loc":{"start":{"line":25,"column":14},"end":{"line":28,"column":29}},"type":"binary-expr","locations":[{"start":{"line":25,"column":14},"end":{"line":25,"column":29}},{"start":{"line":26,"column":14},"end":{"line":26,"column":29}},{"start":{"line":27,"column":14},"end":{"line":27,"column":29}},{"start":{"line":28,"column":14},"end":{"line":28,"column":29}}],"line":25},"3":{"loc":{"start":{"line":38,"column":2},"end":{"line":40,"column":3}},"type":"if","locations":[{"start":{"line":38,"column":2},"end":{"line":40,"column":3}},{"start":{},"end":{}}],"line":38},"4":{"loc":{"start":{"line":45,"column":4},"end":{"line":51,"column":38}},"type":"cond-expr","locations":[{"start":{"line":50,"column":8},"end":{"line":50,"column":16}},{"start":{"line":51,"column":8},"end":{"line":51,"column":38}}],"line":45},"5":{"loc":{"start":{"line":45,"column":4},"end":{"line":49,"column":20}},"type":"binary-expr","locations":[{"start":{"line":45,"column":4},"end":{"line":45,"column":20}},{"start":{"line":46,"column":4},"end":{"line":46,"column":20}},{"start":{"line":47,"column":4},"end":{"line":47,"column":20}},{"start":{"line":48,"column":4},"end":{"line":48,"column":20}},{"start":{"line":49,"column":4},"end":{"line":49,"column":20}}],"line":45},"6":{"loc":{"start":{"line":54,"column":2},"end":{"line":56,"column":3}},"type":"if","locations":[{"start":{"line":54,"column":2},"end":{"line":56,"column":3}},{"start":{},"end":{}}],"line":54},"7":{"loc":{"start":{"line":57,"column":2},"end":{"line":59,"column":3}},"type":"if","locations":[{"start":{"line":57,"column":2},"end":{"line":59,"column":3}},{"start":{},"end":{}}],"line":57},"8":{"loc":{"start":{"line":60,"column":2},"end":{"line":62,"column":3}},"type":"if","locations":[{"start":{"line":60,"column":2},"end":{"line":62,"column":3}},{"start":{},"end":{}}],"line":60},"9":{"loc":{"start":{"line":63,"column":2},"end":{"line":65,"column":3}},"type":"if","locations":[{"start":{"line":63,"column":2},"end":{"line":65,"column":3}},{"start":{},"end":{}}],"line":63},"10":{"loc":{"start":{"line":66,"column":2},"end":{"line":70,"column":46}},"type":"if","locations":[{"start":{"line":66,"column":2},"end":{"line":70,"column":46}},{"start":{"line":70,"column":9},"end":{"line":70,"column":46}}],"line":66},"11":{"loc":{"start":{"line":111,"column":2},"end":{"line":114,"column":3}},"type":"if","locations":[{"start":{"line":111,"column":2},"end":{"line":114,"column":3}},{"start":{},"end":{}}],"line":111},"12":{"loc":{"start":{"line":129,"column":2},"end":{"line":134,"column":3}},"type":"if","locations":[{"start":{"line":129,"column":2},"end":{"line":134,"column":3}},{"start":{},"end":{}}],"line":129},"13":{"loc":{"start":{"line":140,"column":2},"end":{"line":150,"column":3}},"type":"if","locations":[{"start":{"line":140,"column":2},"end":{"line":150,"column":3}},{"start":{},"end":{}}],"line":140},"14":{"loc":{"start":{"line":142,"column":4},"end":{"line":146,"column":5}},"type":"if","locations":[{"start":{"line":142,"column":4},"end":{"line":146,"column":5}},{"start":{},"end":{}}],"line":142},"15":{"loc":{"start":{"line":151,"column":2},"end":{"line":153,"column":3}},"type":"if","locations":[{"start":{"line":151,"column":2},"end":{"line":153,"column":3}},{"start":{},"end":{}}],"line":151},"16":{"loc":{"start":{"line":158,"column":2},"end":{"line":160,"column":3}},"type":"if","locations":[{"start":{"line":158,"column":2},"end":{"line":160,"column":3}},{"start":{},"end":{}}],"line":158},"17":{"loc":{"start":{"line":174,"column":2},"end":{"line":176,"column":3}},"type":"if","locations":[{"start":{"line":174,"column":2},"end":{"line":176,"column":3}},{"start":{},"end":{}}],"line":174},"18":{"loc":{"start":{"line":177,"column":2},"end":{"line":179,"column":3}},"type":"if","locations":[{"start":{"line":177,"column":2},"end":{"line":179,"column":3}},{"start":{},"end":{}}],"line":177},"19":{"loc":{"start":{"line":180,"column":2},"end":{"line":182,"column":3}},"type":"if","locations":[{"start":{"line":180,"column":2},"end":{"line":182,"column":3}},{"start":{},"end":{}}],"line":180},"20":{"loc":{"start":{"line":191,"column":2},"end":{"line":193,"column":3}},"type":"if","locations":[{"start":{"line":191,"column":2},"end":{"line":193,"column":3}},{"start":{},"end":{}}],"line":191},"21":{"loc":{"start":{"line":194,"column":2},"end":{"line":199,"column":3}},"type":"if","locations":[{"start":{"line":194,"column":2},"end":{"line":199,"column":3}},{"start":{},"end":{}}],"line":194},"22":{"loc":{"start":{"line":194,"column":6},"end":{"line":194,"column":56}},"type":"binary-expr","locations":[{"start":{"line":194,"column":6},"end":{"line":194,"column":19}},{"start":{"line":194,"column":23},"end":{"line":194,"column":56}}],"line":194},"23":{"loc":{"start":{"line":200,"column":2},"end":{"line":202,"column":3}},"type":"if","locations":[{"start":{"line":200,"column":2},"end":{"line":202,"column":3}},{"start":{},"end":{}}],"line":200},"24":{"loc":{"start":{"line":200,"column":6},"end":{"line":200,"column":66}},"type":"binary-expr","locations":[{"start":{"line":200,"column":6},"end":{"line":200,"column":29}},{"start":{"line":200,"column":33},"end":{"line":200,"column":66}}],"line":200},"25":{"loc":{"start":{"line":203,"column":2},"end":{"line":210,"column":3}},"type":"if","locations":[{"start":{"line":203,"column":2},"end":{"line":210,"column":3}},{"start":{},"end":{}}],"line":203},"26":{"loc":{"start":{"line":206,"column":4},"end":{"line":208,"column":5}},"type":"if","locations":[{"start":{"line":206,"column":4},"end":{"line":208,"column":5}},{"start":{},"end":{}}],"line":206}},"s":{"0":13,"1":36,"2":35,"3":11,"4":24,"5":13,"6":2,"7":11,"8":11,"9":11,"10":11,"11":4,"12":11,"13":2,"14":11,"15":2,"16":11,"17":2,"18":11,"19":10,"20":10,"21":10,"22":1,"23":43,"24":43,"25":43,"26":43,"27":43,"28":43,"29":43,"30":43,"31":43,"32":5,"33":5,"34":15,"35":15,"36":15,"37":15,"38":15,"39":15,"40":15,"41":15,"42":8,"43":1,"44":1,"45":7,"46":7,"47":222,"48":222,"49":455,"50":222,"51":7,"52":7,"53":2,"54":2,"55":5,"56":5,"57":30,"58":12,"59":12,"60":5,"61":7,"62":18,"63":13,"64":5,"65":65,"66":22,"67":43,"68":18,"69":18,"70":18,"71":18,"72":18,"73":18,"74":18,"75":1,"76":17,"77":4,"78":13,"79":5,"80":8,"81":16,"82":16,"83":16,"84":16,"85":1,"86":15,"87":6,"88":6,"89":6,"90":6,"91":9,"92":2,"93":7,"94":7,"95":7,"96":7,"97":1,"98":6,"99":1},"f":{"0":13,"1":36,"2":35,"3":43,"4":5,"5":15,"6":8,"7":222,"8":455,"9":7,"10":30,"11":65,"12":18,"13":16},"b":{"0":[12,1],"1":[11,24],"2":[35,31,29,27],"3":[2,11],"4":[10,1],"5":[11,7,5,3,3],"6":[4,7],"7":[2,9],"8":[2,9],"9":[2,9],"10":[10,1],"11":[1,7],"12":[2,5],"13":[12,18],"14":[5,7],"15":[13,5],"16":[22,43],"17":[1,17],"18":[4,13],"19":[5,8],"20":[1,15],"21":[6,9],"22":[15,7],"23":[2,7],"24":[9,2],"25":[7,0],"26":[1,6]},"_coverageSchema":"1a1c01bbd47fc00a2c39e90264f33305004495a9","hash":"25738fe19a8aef858a0d77adbc027d257c05ef7f"}
}
