TN:
SF:Fractions.js
FN:16,fractionCalculator
FN:22,(anonymous_1)
FN:23,(anonymous_2)
FN:73,multiplyFractions
FN:89,divideFractions
FN:94,addFractions
FN:110,subtractFractions
FN:119,parseFraction
FN:122,(anonymous_8)
FN:126,getReciprocalFractions
FN:139,convertToImproperFraction
FN:157,findGcd
FN:164,simplifyFraction
FN:186,convertToMixedNumber
FNF:14
FNH:14
FNDA:13,fractionCalculator
FNDA:36,(anonymous_1)
FNDA:35,(anonymous_2)
FNDA:43,multiplyFractions
FNDA:5,divideFractions
FNDA:15,addFractions
FNDA:8,subtractFractions
FNDA:222,parseFraction
FNDA:455,(anonymous_8)
FNDA:7,getReciprocalFractions
FNDA:30,convertToImproperFraction
FNDA:65,findGcd
FNDA:18,simplifyFraction
FNDA:16,convertToMixedNumber
DA:19,13
DA:22,36
DA:24,35
DA:30,11
DA:32,24
DA:38,13
DA:39,2
DA:42,11
DA:43,11
DA:45,11
DA:54,11
DA:55,4
DA:57,11
DA:58,2
DA:60,11
DA:61,2
DA:63,11
DA:64,2
DA:66,11
DA:67,10
DA:68,10
DA:69,10
DA:70,1
DA:75,43
DA:76,43
DA:77,43
DA:79,43
DA:80,43
DA:81,43
DA:83,43
DA:84,43
DA:86,43
DA:90,5
DA:91,5
DA:95,15
DA:96,15
DA:98,15
DA:99,15
DA:101,15
DA:102,15
DA:105,15
DA:107,15
DA:111,8
DA:112,1
DA:113,1
DA:115,7
DA:116,7
DA:121,222
DA:122,455
DA:123,222
DA:128,7
DA:129,7
DA:130,2
DA:133,2
DA:135,5
DA:136,5
DA:140,30
DA:141,12
DA:142,12
DA:143,5
DA:147,7
DA:151,18
DA:152,13
DA:154,5
DA:158,65
DA:159,22
DA:161,43
DA:165,18
DA:166,18
DA:167,18
DA:169,18
DA:171,18
DA:172,18
DA:174,18
DA:175,1
DA:177,17
DA:178,4
DA:180,13
DA:181,5
DA:183,8
DA:187,16
DA:188,16
DA:189,16
DA:191,16
DA:192,1
DA:194,15
DA:195,6
DA:196,6
DA:197,6
DA:198,6
DA:200,9
DA:201,2
DA:203,7
DA:204,7
DA:205,7
DA:206,7
DA:207,1
DA:209,6
DA:213,1
LF:99
LH:99
BRDA:19,0,0,12
BRDA:19,0,1,1
BRDA:24,1,0,11
BRDA:24,1,1,24
BRDA:25,2,0,35
BRDA:25,2,1,31
BRDA:25,2,2,29
BRDA:25,2,3,27
BRDA:38,3,0,2
BRDA:38,3,1,11
BRDA:45,4,0,10
BRDA:45,4,1,1
BRDA:45,5,0,11
BRDA:45,5,1,7
BRDA:45,5,2,5
BRDA:45,5,3,3
BRDA:45,5,4,3
BRDA:54,6,0,4
BRDA:54,6,1,7
BRDA:57,7,0,2
BRDA:57,7,1,9
BRDA:60,8,0,2
BRDA:60,8,1,9
BRDA:63,9,0,2
BRDA:63,9,1,9
BRDA:66,10,0,10
BRDA:66,10,1,1
BRDA:111,11,0,1
BRDA:111,11,1,7
BRDA:129,12,0,2
BRDA:129,12,1,5
BRDA:140,13,0,12
BRDA:140,13,1,18
BRDA:142,14,0,5
BRDA:142,14,1,7
BRDA:151,15,0,13
BRDA:151,15,1,5
BRDA:158,16,0,22
BRDA:158,16,1,43
BRDA:174,17,0,1
BRDA:174,17,1,17
BRDA:177,18,0,4
BRDA:177,18,1,13
BRDA:180,19,0,5
BRDA:180,19,1,8
BRDA:191,20,0,1
BRDA:191,20,1,15
BRDA:194,21,0,6
BRDA:194,21,1,9
BRDA:194,22,0,15
BRDA:194,22,1,7
BRDA:200,23,0,2
BRDA:200,23,1,7
BRDA:200,24,0,9
BRDA:200,24,1,2
BRDA:203,25,0,7
BRDA:203,25,1,0
BRDA:206,26,0,1
BRDA:206,26,1,6
BRF:59
BRH:58
end_of_record
